# project  configured on Fri Feb 27 14:59:34 2015 by
# waf 1.7.11 (abi 98, python 20706f0 on darwin)
# using /Users/edwinfinch/pebble-dev/PebbleSDK-3.0-dp1/Pebble/waf configure build
#
----------------------------------------
Setting top to
/Users/edwinfinch/pebble-projects/TheDress
----------------------------------------
Setting out to
/Users/edwinfinch/pebble-projects/TheDress/build
----------------------------------------
Found Pebble SDK for basalt in:
/Users/edwinfinch/pebble-dev/PebbleSDK-3.0-dp1/Pebble/basalt
----------------------------------------
Checking for program gcc,cc
arm-none-eabi-gcc
find program=['gcc', 'cc'] paths='' var='CC' -> 'arm-none-eabi-gcc'
----------------------------------------
Checking for program ar
arm-none-eabi-ar
find program=['ar'] paths='' var='AR' -> 'arm-none-eabi-ar'
